<?xml version="1.0" encoding="UTF-8"?>
<testsuite xmlns:xsi="http://www.w3.org/2001/XMLSchema-instance" xsi:noNamespaceSchemaLocation="https://maven.apache.org/surefire/maven-surefire-plugin/xsd/surefire-test-report-3.0.xsd" version="3.0" name="io.cucumber.skeleton.RunCucumberTest" time="0.183" tests="10" errors="0" skipped="0" failures="0">
  <properties>
    <property name="java.specification.version" value="17"/>
    <property name="sun.jnu.encoding" value="UTF-8"/>
    <property name="java.class.path" value="/home/miguel/Desktop/2ºSemestre/TQS/tqs_98157/Lab5/Lab5_1/target/test-classes:/home/miguel/Desktop/2ºSemestre/TQS/tqs_98157/Lab5/Lab5_1/target/classes:/home/miguel/.m2/repository/io/cucumber/cucumber-java/7.2.3/cucumber-java-7.2.3.jar:/home/miguel/.m2/repository/io/cucumber/cucumber-core/7.2.3/cucumber-core-7.2.3.jar:/home/miguel/.m2/repository/io/cucumber/cucumber-gherkin/7.2.3/cucumber-gherkin-7.2.3.jar:/home/miguel/.m2/repository/io/cucumber/cucumber-gherkin-messages/7.2.3/cucumber-gherkin-messages-7.2.3.jar:/home/miguel/.m2/repository/io/cucumber/messages/17.1.1/messages-17.1.1.jar:/home/miguel/.m2/repository/io/cucumber/tag-expressions/4.1.0/tag-expressions-4.1.0.jar:/home/miguel/.m2/repository/io/cucumber/cucumber-expressions/15.0.1/cucumber-expressions-15.0.1.jar:/home/miguel/.m2/repository/io/cucumber/datatable/7.2.3/datatable-7.2.3.jar:/home/miguel/.m2/repository/io/cucumber/cucumber-plugin/7.2.3/cucumber-plugin-7.2.3.jar:/home/miguel/.m2/repository/io/cucumber/docstring/7.2.3/docstring-7.2.3.jar:/home/miguel/.m2/repository/io/cucumber/html-formatter/17.0.0/html-formatter-17.0.0.jar:/home/miguel/.m2/repository/io/cucumber/ci-environment/8.1.0/ci-environment-8.1.0.jar:/home/miguel/.m2/repository/org/apiguardian/apiguardian-api/1.1.2/apiguardian-api-1.1.2.jar:/home/miguel/.m2/repository/io/cucumber/cucumber-junit-platform-engine/7.2.3/cucumber-junit-platform-engine-7.2.3.jar:/home/miguel/.m2/repository/org/junit/platform/junit-platform-engine/1.8.2/junit-platform-engine-1.8.2.jar:/home/miguel/.m2/repository/org/opentest4j/opentest4j/1.2.0/opentest4j-1.2.0.jar:/home/miguel/.m2/repository/org/junit/platform/junit-platform-commons/1.8.2/junit-platform-commons-1.8.2.jar:/home/miguel/.m2/repository/org/junit/platform/junit-platform-suite/1.8.2/junit-platform-suite-1.8.2.jar:/home/miguel/.m2/repository/org/junit/platform/junit-platform-suite-api/1.8.2/junit-platform-suite-api-1.8.2.jar:/home/miguel/.m2/repository/org/junit/platform/junit-platform-suite-engine/1.8.2/junit-platform-suite-engine-1.8.2.jar:/home/miguel/.m2/repository/org/junit/platform/junit-platform-suite-commons/1.8.2/junit-platform-suite-commons-1.8.2.jar:/home/miguel/.m2/repository/org/junit/platform/junit-platform-launcher/1.8.2/junit-platform-launcher-1.8.2.jar:/home/miguel/.m2/repository/org/junit/jupiter/junit-jupiter/5.8.2/junit-jupiter-5.8.2.jar:/home/miguel/.m2/repository/org/junit/jupiter/junit-jupiter-api/5.8.2/junit-jupiter-api-5.8.2.jar:/home/miguel/.m2/repository/org/junit/jupiter/junit-jupiter-params/5.8.2/junit-jupiter-params-5.8.2.jar:/home/miguel/.m2/repository/org/junit/jupiter/junit-jupiter-engine/5.8.2/junit-jupiter-engine-5.8.2.jar:"/>
    <property name="java.vm.vendor" value="Private Build"/>
    <property name="sun.arch.data.model" value="64"/>
    <property name="java.vendor.url" value="Unknown"/>
    <property name="user.country.format" value="PT"/>
    <property name="os.name" value="Linux"/>
    <property name="java.vm.specification.version" value="17"/>
    <property name="sun.java.launcher" value="SUN_STANDARD"/>
    <property name="user.country" value="US"/>
    <property name="sun.boot.library.path" value="/usr/lib/jvm/java-17-openjdk-amd64/lib"/>
    <property name="sun.java.command" value="/home/miguel/Desktop/2ºSemestre/TQS/tqs_98157/Lab5/Lab5_1/target/surefire/surefirebooter15147699059517416518.jar /home/miguel/Desktop/2ºSemestre/TQS/tqs_98157/Lab5/Lab5_1/target/surefire 2022-04-12T10-43-40_746-jvmRun1 surefire4627666721135922471tmp surefire_013849845136165073167tmp"/>
    <property name="jdk.debug" value="release"/>
    <property name="surefire.test.class.path" value="/home/miguel/Desktop/2ºSemestre/TQS/tqs_98157/Lab5/Lab5_1/target/test-classes:/home/miguel/Desktop/2ºSemestre/TQS/tqs_98157/Lab5/Lab5_1/target/classes:/home/miguel/.m2/repository/io/cucumber/cucumber-java/7.2.3/cucumber-java-7.2.3.jar:/home/miguel/.m2/repository/io/cucumber/cucumber-core/7.2.3/cucumber-core-7.2.3.jar:/home/miguel/.m2/repository/io/cucumber/cucumber-gherkin/7.2.3/cucumber-gherkin-7.2.3.jar:/home/miguel/.m2/repository/io/cucumber/cucumber-gherkin-messages/7.2.3/cucumber-gherkin-messages-7.2.3.jar:/home/miguel/.m2/repository/io/cucumber/messages/17.1.1/messages-17.1.1.jar:/home/miguel/.m2/repository/io/cucumber/tag-expressions/4.1.0/tag-expressions-4.1.0.jar:/home/miguel/.m2/repository/io/cucumber/cucumber-expressions/15.0.1/cucumber-expressions-15.0.1.jar:/home/miguel/.m2/repository/io/cucumber/datatable/7.2.3/datatable-7.2.3.jar:/home/miguel/.m2/repository/io/cucumber/cucumber-plugin/7.2.3/cucumber-plugin-7.2.3.jar:/home/miguel/.m2/repository/io/cucumber/docstring/7.2.3/docstring-7.2.3.jar:/home/miguel/.m2/repository/io/cucumber/html-formatter/17.0.0/html-formatter-17.0.0.jar:/home/miguel/.m2/repository/io/cucumber/ci-environment/8.1.0/ci-environment-8.1.0.jar:/home/miguel/.m2/repository/org/apiguardian/apiguardian-api/1.1.2/apiguardian-api-1.1.2.jar:/home/miguel/.m2/repository/io/cucumber/cucumber-junit-platform-engine/7.2.3/cucumber-junit-platform-engine-7.2.3.jar:/home/miguel/.m2/repository/org/junit/platform/junit-platform-engine/1.8.2/junit-platform-engine-1.8.2.jar:/home/miguel/.m2/repository/org/opentest4j/opentest4j/1.2.0/opentest4j-1.2.0.jar:/home/miguel/.m2/repository/org/junit/platform/junit-platform-commons/1.8.2/junit-platform-commons-1.8.2.jar:/home/miguel/.m2/repository/org/junit/platform/junit-platform-suite/1.8.2/junit-platform-suite-1.8.2.jar:/home/miguel/.m2/repository/org/junit/platform/junit-platform-suite-api/1.8.2/junit-platform-suite-api-1.8.2.jar:/home/miguel/.m2/repository/org/junit/platform/junit-platform-suite-engine/1.8.2/junit-platform-suite-engine-1.8.2.jar:/home/miguel/.m2/repository/org/junit/platform/junit-platform-suite-commons/1.8.2/junit-platform-suite-commons-1.8.2.jar:/home/miguel/.m2/repository/org/junit/platform/junit-platform-launcher/1.8.2/junit-platform-launcher-1.8.2.jar:/home/miguel/.m2/repository/org/junit/jupiter/junit-jupiter/5.8.2/junit-jupiter-5.8.2.jar:/home/miguel/.m2/repository/org/junit/jupiter/junit-jupiter-api/5.8.2/junit-jupiter-api-5.8.2.jar:/home/miguel/.m2/repository/org/junit/jupiter/junit-jupiter-params/5.8.2/junit-jupiter-params-5.8.2.jar:/home/miguel/.m2/repository/org/junit/jupiter/junit-jupiter-engine/5.8.2/junit-jupiter-engine-5.8.2.jar:"/>
    <property name="sun.cpu.endian" value="little"/>
    <property name="user.home" value="/home/miguel"/>
    <property name="user.language" value="en"/>
    <property name="java.specification.vendor" value="Oracle Corporation"/>
    <property name="java.version.date" value="2022-01-18"/>
    <property name="java.home" value="/usr/lib/jvm/java-17-openjdk-amd64"/>
    <property name="file.separator" value="/"/>
    <property name="basedir" value="/home/miguel/Desktop/2ºSemestre/TQS/tqs_98157/Lab5/Lab5_1"/>
    <property name="java.vm.compressedOopsMode" value="32-bit"/>
    <property name="line.separator" value="&#10;"/>
    <property name="java.specification.name" value="Java Platform API Specification"/>
    <property name="java.vm.specification.vendor" value="Oracle Corporation"/>
    <property name="surefire.real.class.path" value="/home/miguel/Desktop/2ºSemestre/TQS/tqs_98157/Lab5/Lab5_1/target/surefire/surefirebooter15147699059517416518.jar"/>
    <property name="sun.management.compiler" value="HotSpot 64-Bit Tiered Compilers"/>
    <property name="java.runtime.version" value="17.0.2+8-Ubuntu-120.04"/>
    <property name="user.name" value="miguel"/>
    <property name="path.separator" value=":"/>
    <property name="os.version" value="5.13.0-39-generic"/>
    <property name="java.runtime.name" value="OpenJDK Runtime Environment"/>
    <property name="file.encoding" value="UTF-8"/>
    <property name="java.vm.name" value="OpenJDK 64-Bit Server VM"/>
    <property name="localRepository" value="/home/miguel/.m2/repository"/>
    <property name="java.vendor.url.bug" value="Unknown"/>
    <property name="java.io.tmpdir" value="/tmp"/>
    <property name="java.version" value="17.0.2"/>
    <property name="user.dir" value="/home/miguel/Desktop/2ºSemestre/TQS/tqs_98157/Lab5/Lab5_1"/>
    <property name="os.arch" value="amd64"/>
    <property name="java.vm.specification.name" value="Java Virtual Machine Specification"/>
    <property name="user.language.format" value="pt"/>
    <property name="native.encoding" value="UTF-8"/>
    <property name="java.library.path" value="/usr/java/packages/lib:/usr/lib/x86_64-linux-gnu/jni:/lib/x86_64-linux-gnu:/usr/lib/x86_64-linux-gnu:/usr/lib/jni:/lib:/usr/lib"/>
    <property name="java.vm.info" value="mixed mode, sharing"/>
    <property name="java.vendor" value="Private Build"/>
    <property name="java.vm.version" value="17.0.2+8-Ubuntu-120.04"/>
    <property name="sun.io.unicode.encoding" value="UnicodeLittle"/>
    <property name="java.class.version" value="61.0"/>
  </properties>
  <testcase name="Belly - a few cukes" classname="Belly" time="0.06">
    <system-out><![CDATA[
Scenario: a few cukes               &amp#27;[90m# io/cucumber/skeleton/belly.feature:3&amp#27;[0m
  &amp#27;[32mGiven &amp#27;[0m&amp#27;[32mI have &amp#27;[0m&amp#27;[32m&amp#27;[1m42&amp#27;[0m&amp#27;[32m cukes in my belly&amp#27;[0m &amp#27;[90m# io.cucumber.skeleton.StepDefinitions.I_have_cukes_in_my_belly(int)&amp#27;[0m
  &amp#27;[32mWhen &amp#27;[0m&amp#27;[32mI wait &amp#27;[0m&amp#27;[32m&amp#27;[1m1&amp#27;[0m&amp#27;[32m hour&amp#27;[0m                &amp#27;[90m# io.cucumber.skeleton.StepDefinitions.i_wait_hour(java.lang.Integer)&amp#27;[0m
  &amp#27;[32mThen &amp#27;[0m&amp#27;[32mmy belly should growl&amp#27;[0m        &amp#27;[90m# io.cucumber.skeleton.StepDefinitions.my_belly_should_growl()&amp#27;[0m
]]></system-out>
  </testcase>
  <testcase name="Basic Arithmetic - Addition" classname="Basic Arithmetic" time="0.005">
    <system-out><![CDATA[
Scenario: Addition                    &amp#27;[90m# io/cucumber/skeleton/calculator.feature:6&amp#27;[0m
  &amp#27;[32mGiven &amp#27;[0m&amp#27;[32ma calculator I just turned on&amp#27;[0m &amp#27;[90m# io.cucumber.skeleton.CalculatorSteps.setup()&amp#27;[0m
  &amp#27;[32mWhen &amp#27;[0m&amp#27;[32mI add &amp#27;[0m&amp#27;[32m&amp#27;[1m4&amp#27;[0m&amp#27;[32m and &amp#27;[0m&amp#27;[32m&amp#27;[1m5&amp#27;[0m                  &amp#27;[90m# io.cucumber.skeleton.CalculatorSteps.add(int,int)&amp#27;[0m
  &amp#27;[32mThen &amp#27;[0m&amp#27;[32mthe result is &amp#27;[0m&amp#27;[32m&amp#27;[1m9&amp#27;[0m                &amp#27;[90m# io.cucumber.skeleton.CalculatorSteps.the_result_is(double)&amp#27;[0m
]]></system-out>
  </testcase>
  <testcase name="Basic Arithmetic - Substraction" classname="Basic Arithmetic" time="0.007">
    <system-out><![CDATA[
Scenario: Substraction                &amp#27;[90m# io/cucumber/skeleton/calculator.feature:10&amp#27;[0m
  &amp#27;[32mGiven &amp#27;[0m&amp#27;[32ma calculator I just turned on&amp#27;[0m &amp#27;[90m# io.cucumber.skeleton.CalculatorSteps.setup()&amp#27;[0m
  &amp#27;[32mWhen &amp#27;[0m&amp#27;[32mI substract &amp#27;[0m&amp#27;[32m&amp#27;[1m7&amp#27;[0m&amp#27;[32m to &amp#27;[0m&amp#27;[32m&amp#27;[1m2&amp#27;[0m             &amp#27;[90m# io.cucumber.skeleton.CalculatorSteps.substract(int,int)&amp#27;[0m
  &amp#27;[32mThen &amp#27;[0m&amp#27;[32mthe result is &amp#27;[0m&amp#27;[32m&amp#27;[1m5&amp#27;[0m                &amp#27;[90m# io.cucumber.skeleton.CalculatorSteps.the_result_is(double)&amp#27;[0m
]]></system-out>
  </testcase>
  <testcase name="Basic Arithmetic - Multiplication" classname="Basic Arithmetic" time="0.007">
    <system-out><![CDATA[
Scenario: Multiplication              &amp#27;[90m# io/cucumber/skeleton/calculator.feature:14&amp#27;[0m
  &amp#27;[32mGiven &amp#27;[0m&amp#27;[32ma calculator I just turned on&amp#27;[0m &amp#27;[90m# io.cucumber.skeleton.CalculatorSteps.setup()&amp#27;[0m
  &amp#27;[32mWhen &amp#27;[0m&amp#27;[32mI multiply &amp#27;[0m&amp#27;[32m&amp#27;[1m3&amp#27;[0m&amp#27;[32m and &amp#27;[0m&amp#27;[32m&amp#27;[1m4&amp#27;[0m             &amp#27;[90m# io.cucumber.skeleton.CalculatorSteps.multiply(int,int)&amp#27;[0m
  &amp#27;[32mThen &amp#27;[0m&amp#27;[32mthe result is &amp#27;[0m&amp#27;[32m&amp#27;[1m12&amp#27;[0m               &amp#27;[90m# io.cucumber.skeleton.CalculatorSteps.the_result_is(double)&amp#27;[0m
]]></system-out>
  </testcase>
  <testcase name="Basic Arithmetic - Division" classname="Basic Arithmetic" time="0.006">
    <system-out><![CDATA[
Scenario: Division                    &amp#27;[90m# io/cucumber/skeleton/calculator.feature:18&amp#27;[0m
  &amp#27;[32mGiven &amp#27;[0m&amp#27;[32ma calculator I just turned on&amp#27;[0m &amp#27;[90m# io.cucumber.skeleton.CalculatorSteps.setup()&amp#27;[0m
  &amp#27;[32mWhen &amp#27;[0m&amp#27;[32mI divide &amp#27;[0m&amp#27;[32m&amp#27;[1m20&amp#27;[0m&amp#27;[32m to &amp#27;[0m&amp#27;[32m&amp#27;[1m5&amp#27;[0m               &amp#27;[90m# io.cucumber.skeleton.CalculatorSteps.divide(int,int)&amp#27;[0m
  &amp#27;[32mThen &amp#27;[0m&amp#27;[32mthe result is &amp#27;[0m&amp#27;[32m&amp#27;[1m4&amp#27;[0m                &amp#27;[90m# io.cucumber.skeleton.CalculatorSteps.the_result_is(double)&amp#27;[0m
]]></system-out>
  </testcase>
  <testcase name="Basic Arithmetic - Several additions - Single digits - Example #1" classname="Basic Arithmetic - Several additions - Single digits" time="0.005">
    <system-out><![CDATA[
Scenario Outline: Several additions   &amp#27;[90m# io/cucumber/skeleton/calculator.feature:28&amp#27;[0m
  &amp#27;[32mGiven &amp#27;[0m&amp#27;[32ma calculator I just turned on&amp#27;[0m &amp#27;[90m# io.cucumber.skeleton.CalculatorSteps.setup()&amp#27;[0m
  &amp#27;[32mWhen &amp#27;[0m&amp#27;[32mI add &amp#27;[0m&amp#27;[32m&amp#27;[1m1&amp#27;[0m&amp#27;[32m and &amp#27;[0m&amp#27;[32m&amp#27;[1m2&amp#27;[0m                  &amp#27;[90m# io.cucumber.skeleton.CalculatorSteps.add(int,int)&amp#27;[0m
  &amp#27;[32mThen &amp#27;[0m&amp#27;[32mthe result is &amp#27;[0m&amp#27;[32m&amp#27;[1m3&amp#27;[0m                &amp#27;[90m# io.cucumber.skeleton.CalculatorSteps.the_result_is(double)&amp#27;[0m
]]></system-out>
  </testcase>
  <testcase name="Basic Arithmetic - Several additions - Single digits - Example #2" classname="Basic Arithmetic - Several additions - Single digits" time="0.005">
    <system-out><![CDATA[
Scenario Outline: Several additions   &amp#27;[90m# io/cucumber/skeleton/calculator.feature:29&amp#27;[0m
  &amp#27;[32mGiven &amp#27;[0m&amp#27;[32ma calculator I just turned on&amp#27;[0m &amp#27;[90m# io.cucumber.skeleton.CalculatorSteps.setup()&amp#27;[0m
  &amp#27;[32mWhen &amp#27;[0m&amp#27;[32mI add &amp#27;[0m&amp#27;[32m&amp#27;[1m3&amp#27;[0m&amp#27;[32m and &amp#27;[0m&amp#27;[32m&amp#27;[1m7&amp#27;[0m                  &amp#27;[90m# io.cucumber.skeleton.CalculatorSteps.add(int,int)&amp#27;[0m
  &amp#27;[32mThen &amp#27;[0m&amp#27;[32mthe result is &amp#27;[0m&amp#27;[32m&amp#27;[1m10&amp#27;[0m               &amp#27;[90m# io.cucumber.skeleton.CalculatorSteps.the_result_is(double)&amp#27;[0m
]]></system-out>
  </testcase>
  <testcase name="Basic Arithmetic - Several multiplications - Single digits - Example #1" classname="Basic Arithmetic - Several multiplications - Single digits" time="0.005">
    <system-out><![CDATA[
Scenario Outline: Several multiplications &amp#27;[90m# io/cucumber/skeleton/calculator.feature:37&amp#27;[0m
  &amp#27;[32mGiven &amp#27;[0m&amp#27;[32ma calculator I just turned on&amp#27;[0m     &amp#27;[90m# io.cucumber.skeleton.CalculatorSteps.setup()&amp#27;[0m
  &amp#27;[32mWhen &amp#27;[0m&amp#27;[32mI multiply &amp#27;[0m&amp#27;[32m&amp#27;[1m1&amp#27;[0m&amp#27;[32m and &amp#27;[0m&amp#27;[32m&amp#27;[1m2&amp#27;[0m                 &amp#27;[90m# io.cucumber.skeleton.CalculatorSteps.multiply(int,int)&amp#27;[0m
  &amp#27;[32mThen &amp#27;[0m&amp#27;[32mthe result is &amp#27;[0m&amp#27;[32m&amp#27;[1m2&amp#27;[0m                    &amp#27;[90m# io.cucumber.skeleton.CalculatorSteps.the_result_is(double)&amp#27;[0m
]]></system-out>
  </testcase>
  <testcase name="Basic Arithmetic - Several multiplications - Single digits - Example #2" classname="Basic Arithmetic - Several multiplications - Single digits" time="0.004">
    <system-out><![CDATA[
Scenario Outline: Several multiplications &amp#27;[90m# io/cucumber/skeleton/calculator.feature:38&amp#27;[0m
  &amp#27;[32mGiven &amp#27;[0m&amp#27;[32ma calculator I just turned on&amp#27;[0m     &amp#27;[90m# io.cucumber.skeleton.CalculatorSteps.setup()&amp#27;[0m
  &amp#27;[32mWhen &amp#27;[0m&amp#27;[32mI multiply &amp#27;[0m&amp#27;[32m&amp#27;[1m0&amp#27;[0m&amp#27;[32m and &amp#27;[0m&amp#27;[32m&amp#27;[1m7&amp#27;[0m                 &amp#27;[90m# io.cucumber.skeleton.CalculatorSteps.multiply(int,int)&amp#27;[0m
  &amp#27;[32mThen &amp#27;[0m&amp#27;[32mthe result is &amp#27;[0m&amp#27;[32m&amp#27;[1m0&amp#27;[0m                    &amp#27;[90m# io.cucumber.skeleton.CalculatorSteps.the_result_is(double)&amp#27;[0m
]]></system-out>
  </testcase>
  <testcase name="Basic Arithmetic - Several multiplications - Single digits - Example #3" classname="Basic Arithmetic - Several multiplications - Single digits" time="0.004">
    <system-out><![CDATA[
Scenario Outline: Several multiplications &amp#27;[90m# io/cucumber/skeleton/calculator.feature:39&amp#27;[0m
  &amp#27;[32mGiven &amp#27;[0m&amp#27;[32ma calculator I just turned on&amp#27;[0m     &amp#27;[90m# io.cucumber.skeleton.CalculatorSteps.setup()&amp#27;[0m
  &amp#27;[32mWhen &amp#27;[0m&amp#27;[32mI multiply &amp#27;[0m&amp#27;[32m&amp#27;[1m4&amp#27;[0m&amp#27;[32m and &amp#27;[0m&amp#27;[32m&amp#27;[1m7&amp#27;[0m                 &amp#27;[90m# io.cucumber.skeleton.CalculatorSteps.multiply(int,int)&amp#27;[0m
  &amp#27;[32mThen &amp#27;[0m&amp#27;[32mthe result is &amp#27;[0m&amp#27;[32m&amp#27;[1m28&amp#27;[0m                   &amp#27;[90m# io.cucumber.skeleton.CalculatorSteps.the_result_is(double)&amp#27;[0m
]]></system-out>
  </testcase>
</testsuite>